%このファイルは日本語文字を含みます.
\BOOKMARK [0][]{chapter.1}{第1章 はじめに}{}% 1
\BOOKMARK [1][]{section.1.1}{1.1 研究背景}{chapter.1}% 2
\BOOKMARK [1][]{section.1.2}{1.2 研究目的}{chapter.1}% 3
\BOOKMARK [0][]{chapter.2}{第2章 イジング模型の相転移}{}% 4
\BOOKMARK [1][]{section.2.1}{2.1 相転移，臨界現象とは}{chapter.2}% 5
\BOOKMARK [1][]{section.2.2}{2.2 強磁性イジング模型}{chapter.2}% 6
\BOOKMARK [1][]{section.2.3}{2.3 一次元イジング模型}{chapter.2}% 7
\BOOKMARK [1][]{section.2.4}{2.4 イジング模型の平均場近似}{chapter.2}% 8
\BOOKMARK [1][]{section.2.5}{2.5 二次元イジング模型}{chapter.2}% 9
\BOOKMARK [1][]{section.2.6}{2.6 二次元イジング模型の高温展開}{chapter.2}% 10
\BOOKMARK [0][]{chapter.3}{第3章 機械学習と深層学習}{}% 11
\BOOKMARK [1][]{section.3.1}{3.1 機械学習の定義}{chapter.3}% 12
\BOOKMARK [1][]{section.3.2}{3.2 統計入門}{chapter.3}% 13
\BOOKMARK [1][]{section.3.3}{3.3 ニューラルネットワーク}{chapter.3}% 14
\BOOKMARK [1][]{section.3.4}{3.4 勾配降下法}{chapter.3}% 15
\BOOKMARK [1][]{section.3.5}{3.5 改良された勾配降下法}{chapter.3}% 16
\BOOKMARK [1][]{section.3.6}{3.6 深層学習とは}{chapter.3}% 17
\BOOKMARK [1][]{section.3.7}{3.7 ボルツマンマシンの基礎}{chapter.3}% 18
\BOOKMARK [0][]{chapter.4}{第4章 機械学習によるイジング模型の相転移検出}{}% 19
\BOOKMARK [1][]{section.4.1}{4.1 相の分類器による相転移検出}{chapter.4}% 20
\BOOKMARK [1][]{section.4.2}{4.2 温度測定器による相転移検出}{chapter.4}% 21
\BOOKMARK [1][]{section.4.3}{4.3 相転移検出がなぜ可能なのか？}{chapter.4}% 22
\BOOKMARK [0][]{chapter.5}{第5章 機械学習と繰り込み群}{}% 23
\BOOKMARK [1][]{section.5.1}{5.1 繰り込み群と特徴抽出}{chapter.5}% 24
\BOOKMARK [0][]{chapter.6}{第6章 まとめ}{}% 25
\BOOKMARK [0][]{chapter*.14}{謝辞}{}% 26
\BOOKMARK [0][]{chapter*.15}{参考文献}{}% 27
\BOOKMARK [0][]{appendix.A}{付録A aaa}{}% 28
\BOOKMARK [1][]{section.A.1}{A.1 bbb}{appendix.A}% 29
